2026-07-14 01:18:58 INFO  MyTest1 - Browser Successfully Launched
2026-07-15 01:13:36 INFO  LogInTestCases -  Dashboard loads with correct customer name. 
2026-07-15 01:48:29 INFO  LogInTestCases -  Dashboard loads with correct customer name. 
2026-07-15 01:48:30 INFO  LogOutTestCases - User Sucessfully Logged out and navigated to Customer Login Page
2026-07-15 01:55:27 INFO  LogInTestCases -  Dashboard loads with correct customer name. 
2026-07-15 01:55:29 INFO  LogOutTestCases - User Sucessfully Logged out and navigated to Customer Login Page
2026-07-15 01:57:30 INFO  LogInTestCases -  Dashboard loads with correct customer name. 
2026-07-15 01:57:31 INFO  LogOutTestCases - User Sucessfully Logged out and navigated to Customer Login Page
2026-07-15 02:05:34 INFO  UserRegistrationTestCases - User registration completed successfully. User navigated to the Account Services page.
2026-07-15 02:24:08 INFO  UserRegistrationTestCases - User registration completed successfully. User navigated to the Account Services page.
2026-07-15 02:24:18 INFO  LogInTestCases -  Dashboard loads with correct customer name. 
2026-07-15 02:24:29 INFO  LogInTestCases -  Dashboard loads with correct customer name. 
2026-07-15 02:24:30 INFO  LogOutTestCases - User Sucessfully Logged out and navigated to Customer Login Page
2026-07-15 02:45:48 INFO  UserRegistrationTestCases - User registration completed successfully. User navigated to the Account Services page.
2026-07-15 02:45:57 INFO  LogInTestCases -  Dashboard loads with correct customer name. 
2026-07-15 02:46:04 INFO  LogInTestCases -  Dashboard loads with correct customer name. 
2026-07-15 02:46:05 INFO  LogOutTestCases - User Sucessfully Logged out and navigated to Customer Login Page
2026-07-15 02:49:17 INFO  UserRegistrationTestCases - User registration completed successfully. User navigated to the Account Services page.
2026-07-15 02:49:27 INFO  LogInTestCases -  Dashboard loads with correct customer name. 
2026-07-15 02:49:36 INFO  LogInTestCases -  Dashboard loads with correct customer name. 
2026-07-15 02:49:37 INFO  LogOutTestCases - User Sucessfully Logged out and navigated to Customer Login Page
2026-07-16 11:03:15 INFO  LogInTestCases -  Dashboard loads with correct customer name. 
2026-07-16 11:09:12 INFO  LogInTestCases -  Dashboard loads with correct customer name. 
2026-07-16 11:10:57 INFO  LogInTestCases -  Dashboard loads with correct customer name. 
2026-07-16 11:16:01 INFO  LogInTestCases -  Dashboard loads with correct customer name. 
2026-07-16 11:18:25 INFO  LogInTestCases -  Dashboard loads with correct customer name. 
2026-07-16 11:18:27 INFO  OpenNewAccountTestCases - New Account Successfully Opened and New Account Id has been saved in Excel
2026-07-16 11:20:15 INFO  LogInTestCases -  Dashboard loads with correct customer name. 
2026-07-16 11:20:20 INFO  OpenNewAccountTestCases - New Account Successfully Opened and New Account Id has been saved in Excel
2026-07-16 11:24:10 INFO  LogInTestCases -  Dashboard loads with correct customer name. 
2026-07-16 11:30:03 INFO  LogInTestCases -  Dashboard loads with correct customer name. 
2026-07-16 11:30:06 INFO  OpenNewAccountTestCases - New Account Successfully Opened and New Account Id has been saved in Excel
2026-07-17 01:12:45 INFO  LogInTestCases -  Dashboard loads with correct customer name. 
2026-07-17 01:25:36 INFO  UserRegistrationTestCases - User registration completed successfully. User navigated to the Account Services page.
2026-07-17 01:27:12 INFO  UserRegistrationTestCases - User registration completed successfully. User navigated to the Account Services page.
2026-07-17 01:34:26 INFO  LogInTestCases -  Dashboard loads with correct customer name. 
2026-07-17 01:34:28 INFO  OpenNewAccountTestCases - New Account Successfully Opened and New Account Id has been saved in Excel
2026-07-17 01:57:05 INFO  LogInTestCases -  Dashboard loads with correct customer name. 
2026-07-17 01:57:08 INFO  OpenNewAccountTestCases - New Account Successfully Opened and New Account Id has been saved in Excel
2026-07-17 02:01:17 INFO  LogInTestCases -  Dashboard loads with correct customer name. 
2026-07-17 02:01:22 INFO  OpenNewAccountTestCases - New Account Successfully Opened and New Account Id has been saved in Excel
2026-07-17 02:01:26 INFO  TransferFundsTestCases - Transfer Succcesfully Completed!
2026-07-17 02:11:49 INFO  LogInTestCases -  Dashboard loads with correct customer name. 
2026-07-17 02:11:52 INFO  OpenNewAccountTestCases - New Account Successfully Opened and New Account Id has been saved in Excel
2026-07-17 02:11:55 INFO  TransferFundsTestCases - Transfer Succcesfully Completed!
2026-07-17 02:11:57 INFO  TransferFundsTestCases - 1st Transaction Balance Not-Updated
2026-07-17 02:16:12 INFO  LogInTestCases -  Dashboard loads with correct customer name. 
2026-07-17 02:16:15 INFO  OpenNewAccountTestCases - New Account Successfully Opened and New Account Id has been saved in Excel
2026-07-17 02:16:19 INFO  TransferFundsTestCases - Transfer Succcesfully Completed!
2026-07-17 02:16:21 INFO  TransferFundsTestCases - $200.00
2026-07-17 02:16:21 INFO  TransferFundsTestCases - 1st Transaction Balance Updated
2026-07-17 02:28:15 INFO  LogInTestCases -  Dashboard loads with correct customer name. 
2026-07-17 02:28:20 INFO  OpenNewAccountTestCases - New Account Successfully Opened and New Account Id has been saved in Excel
2026-07-17 02:28:24 INFO  TransferFundsTestCases - Transfer Succcesfully Completed!
2026-07-17 02:35:47 INFO  LogInTestCases -  Dashboard loads with correct customer name. 
2026-07-17 02:35:49 INFO  OpenNewAccountTestCases - New Account Successfully Opened and New Account Id has been saved in Excel
2026-07-17 02:35:53 INFO  TransferFundsTestCases - Transfer Succcesfully Completed!
2026-07-17 02:35:57 INFO  TransferFundsTestCases - 1st Transaction Balance Updated
2026-07-17 02:36:00 INFO  TransferFundsTestCases - Transfer Succcesfully Completed!
2026-07-17 02:36:04 INFO  TransferFundsTestCases - 1st Transaction Balance Updated
2026-07-17 02:39:50 INFO  LogInTestCases -  Dashboard loads with correct customer name. 
2026-07-17 02:39:54 INFO  OpenNewAccountTestCases - New Account Successfully Opened and New Account Id has been saved in Excel
2026-07-17 02:40:00 INFO  TransferFundsTestCases - 1st Transaction Succcesfully Completed!
2026-07-17 02:53:22 INFO  LogInTestCases -  Dashboard loads with correct customer name. 
2026-07-17 02:53:27 INFO  OpenNewAccountTestCases - New Account Successfully Opened and New Account Id has been saved in Excel
2026-07-17 02:53:31 INFO  TransferFundsTestCases - 1st Transaction Succcesfully Completed!
2026-07-17 02:53:35 INFO  TransferFundsTestCases - 1st Transaction Balance Not-Updated
2026-07-17 02:53:38 INFO  TransferFundsTestCases - 2nd Transaction Succcesfully Completed!
2026-07-17 02:53:41 INFO  TransferFundsTestCases - 2nd Transaction Balance Not-Updated
2026-07-17 03:01:59 INFO  LogInTestCases -  Dashboard loads with correct customer name. 
2026-07-17 03:02:03 INFO  OpenNewAccountTestCases - New Account Successfully Opened and New Account Id has been saved in Excel
2026-07-17 03:02:08 INFO  TransferFundsTestCases - 1st Transaction Succcesfully Completed!
2026-07-17 03:02:10 INFO  TransferFundsTestCases - 1st Transaction Balance Not-Updated
2026-07-17 03:02:14 INFO  TransferFundsTestCases - 2nd Transaction Succcesfully Completed!
2026-07-17 03:02:16 INFO  TransferFundsTestCases - 2nd Transaction Balance Not-Updated
2026-07-17 03:06:11 INFO  LogInTestCases -  Dashboard loads with correct customer name. 
2026-07-17 03:06:13 INFO  OpenNewAccountTestCases - New Account Successfully Opened and New Account Id has been saved in Excel
2026-07-17 03:06:17 INFO  TransferFundsTestCases - 1st Transaction Succcesfully Completed!
2026-07-17 03:06:20 INFO  TransferFundsTestCases - 1st Transaction Balance Updated
2026-07-17 03:06:23 INFO  TransferFundsTestCases - 2nd Transaction Succcesfully Completed!
2026-07-17 03:06:27 INFO  TransferFundsTestCases - 2nd Transaction Balance Not-Updated
2026-07-17 03:15:41 INFO  LogInTestCases -  Dashboard loads with correct customer name. 
2026-07-17 03:15:46 INFO  OpenNewAccountTestCases - New Account Successfully Opened and New Account Id has been saved in Excel
2026-07-17 03:15:51 INFO  TransferFundsTestCases - 1st Transaction Succcesfully Completed!
2026-07-17 03:15:54 INFO  TransferFundsTestCases - 1st Transaction Balance Not-Updated
2026-07-17 03:15:57 INFO  TransferFundsTestCases - 2nd Transaction Succcesfully Completed!
2026-07-17 03:15:59 INFO  TransferFundsTestCases - 
2026-07-17 03:15:59 INFO  TransferFundsTestCases - 2nd Transaction Balance Not-Updated
2026-07-17 03:36:04 INFO  LogInTestCases -  Dashboard loads with correct customer name. 
2026-07-17 03:36:09 INFO  OpenNewAccountTestCases - New Account Successfully Opened and New Account Id has been saved in Excel
2026-07-17 03:36:12 INFO  TransferFundsTestCases - 1st Transaction Succcesfully Completed!
2026-07-17 03:38:55 INFO  LogInTestCases -  Dashboard loads with correct customer name. 
2026-07-17 03:38:57 INFO  OpenNewAccountTestCases - New Account Successfully Opened and New Account Id has been saved in Excel
2026-07-17 03:39:02 INFO  TransferFundsTestCases - 1st Transaction Succcesfully Completed!
2026-07-17 03:42:14 INFO  LogInTestCases -  Dashboard loads with correct customer name. 
2026-07-17 03:42:18 INFO  OpenNewAccountTestCases - New Account Successfully Opened and New Account Id has been saved in Excel
2026-07-17 03:42:22 INFO  TransferFundsTestCases - 1st Transaction Succcesfully Completed!
2026-07-17 03:42:26 INFO  TransferFundsTestCases - 1st Transaction Balance Updated
2026-07-17 03:42:29 INFO  TransferFundsTestCases - 2nd Transaction Succcesfully Completed!
2026-07-17 03:42:33 INFO  TransferFundsTestCases - $290.00
2026-07-17 03:42:33 INFO  TransferFundsTestCases - 2nd Transaction Balance Updated
2026-07-17 03:45:46 INFO  LogInTestCases -  Dashboard loads with correct customer name. 
2026-07-17 03:45:49 INFO  OpenNewAccountTestCases - New Account Successfully Opened and New Account Id has been saved in Excel
2026-07-17 03:45:55 INFO  TransferFundsTestCases - 1st Transaction Succcesfully Completed!
2026-07-17 03:45:58 INFO  TransferFundsTestCases - 1st Transaction Balance Updated
2026-07-17 03:46:01 INFO  TransferFundsTestCases - 2nd Transaction Succcesfully Completed!
2026-07-17 03:46:04 INFO  TransferFundsTestCases - 2nd Transaction Balance Updated
2026-07-17 23:29:27 INFO  LogInTestCases -  Dashboard loads with correct customer name. 
2026-07-17 23:29:29 INFO  RequestLoanTestCases - Loan Request Denied
2026-07-17 23:29:29 INFO  RequestLoanTestCases - New Loan Account ID has been generated:
2026-07-17 23:36:02 INFO  LogInTestCases -  Dashboard loads with correct customer name. 
2026-07-17 23:36:05 INFO  RequestLoanTestCases - Loan Request Denied
2026-07-17 23:36:05 INFO  RequestLoanTestCases - New Loan Account ID has been generated:18006
2026-07-17 23:42:10 INFO  LogInTestCases -  Dashboard loads with correct customer name. 
2026-07-17 23:42:13 INFO  RequestLoanTestCases - Loan Request Denied
2026-07-17 23:48:17 INFO  LogInTestCases -  Dashboard loads with correct customer name. 
2026-07-17 23:48:19 INFO  RequestLoanTestCases - Loan Request Denied
2026-07-17 23:58:43 INFO  LogInTestCases -  Dashboard loads with correct customer name. 
2026-07-18 00:17:05 INFO  LogInTestCases -  Dashboard loads with correct customer name. 
2026-07-18 00:17:09 INFO  RequestLoanTestCases - Loan Request Denied
2026-07-18 00:20:17 INFO  LogInTestCases -  Dashboard loads with correct customer name. 
2026-07-18 00:20:21 INFO  RequestLoanTestCases - Loan Request Successfully Approved
2026-07-18 01:51:05 INFO  UserRegistrationTestCases - User registration completed successfully. User navigated to the Account Services page.
2026-07-18 01:51:15 INFO  LogInTestCases -  Dashboard loads with correct customer name. 
2026-07-18 01:51:24 INFO  LogInTestCases -  Dashboard loads with correct customer name. 
2026-07-18 01:51:25 INFO  LogOutTestCases - User Successfully Logged out and navigated to Customer Login Page
2026-07-18 01:51:33 INFO  LogInTestCases -  Dashboard loads with correct customer name. 
2026-07-18 01:51:35 INFO  OpenNewAccountTestCases - New Account Successfully Opened and New Account Id has been saved in Excel
2026-07-18 01:51:43 INFO  LogInTestCases -  Dashboard loads with correct customer name. 
2026-07-18 01:51:45 INFO  OpenNewAccountTestCases - New Account Successfully Opened and New Account Id has been saved in Excel
2026-07-18 01:51:48 INFO  TransferFundsTestCases - 1st Transaction Succcesfully Completed!
2026-07-18 01:52:28 INFO  LogInTestCases -  Dashboard loads with correct customer name. 
2026-07-18 01:52:30 INFO  RequestLoanTestCases - Loan Request Successfully Approved!
2026-07-18 02:01:14 INFO  UserRegistrationTestCases - User registration completed successfully. User navigated to the Account Services page.
2026-07-18 02:01:23 INFO  LogInTestCases -  Dashboard loads with correct customer name. 
2026-07-18 02:01:32 INFO  LogInTestCases -  Dashboard loads with correct customer name. 
2026-07-18 02:01:33 INFO  LogOutTestCases - User Successfully Logged out and navigated to Customer Login Page
2026-07-18 02:01:41 INFO  LogInTestCases -  Dashboard loads with correct customer name. 
2026-07-18 02:01:43 INFO  OpenNewAccountTestCases - New Account Successfully Opened and New Account Id has been saved in Excel
2026-07-18 02:01:53 INFO  LogInTestCases -  Dashboard loads with correct customer name. 
2026-07-18 02:01:55 INFO  OpenNewAccountTestCases - New Account Successfully Opened and New Account Id has been saved in Excel
2026-07-18 02:01:57 INFO  TransferFundsTestCases - 1st Transaction Succcesfully Completed!
2026-07-18 02:02:40 INFO  LogInTestCases -  Dashboard loads with correct customer name. 
2026-07-18 02:02:42 INFO  RequestLoanTestCases - Loan Request Successfully Approved!
2026-07-18 02:08:53 INFO  UserRegistrationTestCases - User registration completed successfully. User navigated to the Account Services page.
2026-07-18 02:09:01 INFO  LogInTestCases -  Dashboard loads with correct customer name. 
2026-07-18 02:09:09 INFO  LogInTestCases -  Dashboard loads with correct customer name. 
2026-07-18 02:09:10 INFO  LogOutTestCases - User Successfully Logged out and navigated to Customer Login Page
2026-07-18 02:09:19 INFO  LogInTestCases -  Dashboard loads with correct customer name. 
2026-07-18 02:09:21 INFO  OpenNewAccountTestCases - New Account Successfully Opened and New Account Id has been saved in Excel
2026-07-18 02:09:31 INFO  LogInTestCases -  Dashboard loads with correct customer name. 
2026-07-18 02:09:33 INFO  OpenNewAccountTestCases - New Account Successfully Opened and New Account Id has been saved in Excel
2026-07-18 02:09:36 INFO  TransferFundsTestCases - 1st Transaction Succesfully Completed!
2026-07-18 02:10:20 INFO  LogInTestCases -  Dashboard loads with correct customer name. 
2026-07-18 02:10:22 INFO  RequestLoanTestCases - Loan Request Successfully Approved!
2026-07-18 02:28:49 INFO  UserRegistrationTestCases - User registration completed successfully. User navigated to the Account Services page.
2026-07-18 02:28:58 INFO  LogInTestCases -  Dashboard loads with correct customer name. 
2026-07-18 02:29:06 INFO  LogInTestCases -  Dashboard loads with correct customer name. 
2026-07-18 02:29:07 INFO  LogOutTestCases - User Successfully Logged out and navigated to Customer Login Page
2026-07-18 02:29:17 INFO  LogInTestCases -  Dashboard loads with correct customer name. 
2026-07-18 02:29:19 INFO  OpenNewAccountTestCases - New Account Successfully Opened and New Account Id has been saved in Excel
2026-07-18 02:29:28 INFO  LogInTestCases -  Dashboard loads with correct customer name. 
2026-07-18 02:29:30 INFO  OpenNewAccountTestCases - New Account Successfully Opened and New Account Id has been saved in Excel
2026-07-18 02:29:32 INFO  TransferFundsTestCases - 1st Transaction Succesfully Completed!
2026-07-18 02:31:50 INFO  UserRegistrationTestCases - User registration completed successfully. User navigated to the Account Services page.
2026-07-18 02:31:59 INFO  LogInTestCases -  Dashboard loads with correct customer name. 
2026-07-18 02:32:07 INFO  LogInTestCases -  Dashboard loads with correct customer name. 
2026-07-18 02:32:08 INFO  LogOutTestCases - User Successfully Logged out and navigated to Customer Login Page
2026-07-18 02:32:17 INFO  LogInTestCases -  Dashboard loads with correct customer name. 
2026-07-18 02:32:20 INFO  OpenNewAccountTestCases - New Account Successfully Opened and New Account Id has been saved in Excel
2026-07-18 02:32:29 INFO  LogInTestCases -  Dashboard loads with correct customer name. 
2026-07-18 02:32:31 INFO  OpenNewAccountTestCases - New Account Successfully Opened and New Account Id has been saved in Excel
2026-07-18 02:32:34 INFO  TransferFundsTestCases - 1st Transaction Succesfully Completed!
2026-07-18 02:32:38 INFO  TransferFundsTestCases - 1st Transaction Balance Updated
2026-07-18 02:32:42 INFO  TransferFundsTestCases - 2nd Transaction Succcesfully Completed!
2026-07-18 02:32:44 INFO  TransferFundsTestCases - 2nd Transaction Balance Updated
2026-07-18 02:32:53 INFO  LogInTestCases -  Dashboard loads with correct customer name. 
2026-07-18 02:32:56 INFO  RequestLoanTestCases - Loan Request Successfully Approved!
2026-07-18 20:38:01 INFO  UserRegistrationTestCases - User registration completed successfully. User navigated to the Account Services page.
2026-07-18 20:40:36 INFO  UserRegistrationTestCases - User registration completed successfully. User navigated to the Account Services page.
2026-07-18 20:43:18 INFO  UserRegistrationTestCases - User registration completed successfully. User navigated to the Account Services page.
2026-07-18 20:53:49 INFO  UserRegistrationTestCases - User registration completed successfully. User navigated to the Account Services page.
2026-07-18 20:55:39 INFO  UserRegistrationTestCases - User registration completed successfully. User navigated to the Account Services page.
2026-07-18 21:33:48 INFO  UserRegistrationTestCases - User registration completed successfully. User navigated to the Account Services page.
2026-07-18 21:33:54 INFO  UpdateProfileInfoTestCases - Customer Address has not been updated
2026-07-18 21:41:01 INFO  UserRegistrationTestCases - User registration completed successfully. User navigated to the Account Services page.
2026-07-18 21:41:06 INFO  UpdateProfileInfoTestCases - Customer Address has not been updated
2026-07-18 21:48:05 INFO  UserRegistrationTestCases - User registration completed successfully. User navigated to the Account Services page.
2026-07-18 21:48:10 INFO  UpdateProfileInfoTestCases - Customer Address has not been updated
2026-07-18 21:57:39 INFO  UserRegistrationTestCases - User registration completed successfully. User navigated to the Account Services page.
2026-07-18 21:57:46 INFO  UpdateProfileInfoTestCases - Customer Address has been successfully updated
2026-07-18 22:07:32 INFO  UserRegistrationTestCases - User registration completed successfully. User navigated to the Account Services page.
2026-07-18 22:07:38 INFO  UpdateProfileInfoTestCases - Customer Address has been successfully updated
2026-07-18 22:11:40 INFO  UserRegistrationTestCases - User registration completed successfully. User navigated to the Account Services page.
2026-07-18 22:13:41 INFO  UserRegistrationTestCases - User registration completed successfully. User navigated to the Account Services page.
2026-07-18 22:21:37 INFO  UserRegistrationTestCases - User registration completed successfully. User navigated to the Account Services page.
2026-07-18 22:21:41 INFO  UpdateProfileInfoTestCases - Customer Address has been successfully updated
2026-07-18 23:23:34 INFO  UserRegistrationTestCases - User registration completed successfully. User navigated to the Account Services page.
2026-07-18 23:23:47 INFO  LogInTestCases -  Dashboard Not loaded and incorrect customer name. 
2026-07-18 23:23:55 INFO  LogInTestCases -  Dashboard Not loaded and incorrect customer name. 
2026-07-18 23:24:04 INFO  LogInTestCases -  Dashboard Not loaded and incorrect customer name. 
2026-07-18 23:24:13 INFO  LogInTestCases -  Dashboard Not loaded and incorrect customer name. 
2026-07-18 23:24:22 INFO  LogInTestCases -  Dashboard Not loaded and incorrect customer name. 
2026-07-18 23:24:30 INFO  LogInTestCases -  Dashboard Not loaded and incorrect customer name. 
2026-07-18 23:24:38 INFO  LogInTestCases -  Dashboard Not loaded and incorrect customer name. 
2026-07-18 23:24:47 INFO  LogInTestCases -  Dashboard Not loaded and incorrect customer name. 
2026-07-18 23:24:55 INFO  LogInTestCases -  Dashboard Not loaded and incorrect customer name. 
2026-07-18 23:25:03 INFO  LogInTestCases -  Dashboard Not loaded and incorrect customer name. 
2026-07-18 23:25:11 INFO  LogInTestCases -  Dashboard Not loaded and incorrect customer name. 
2026-07-18 23:25:19 INFO  LogInTestCases -  Dashboard Not loaded and incorrect customer name. 
2026-07-18 23:30:20 INFO  UserRegistrationTestCases - User registration completed successfully. User navigated to the Account Services page.
2026-07-18 23:30:29 INFO  LogInTestCases -  Dashboard loads with correct customer name. 
2026-07-18 23:30:38 INFO  LogInTestCases -  Dashboard loads with correct customer name. 
2026-07-18 23:30:39 INFO  LogOutTestCases - User Successfully Logged out and navigated to Customer Login Page
2026-07-18 23:30:49 INFO  LogInTestCases -  Dashboard loads with correct customer name. 
2026-07-18 23:30:51 INFO  OpenNewAccountTestCases - New Account Successfully Opened and New Account Id has been saved in Excel
2026-07-18 23:31:01 INFO  LogInTestCases -  Dashboard loads with correct customer name. 
2026-07-18 23:31:03 INFO  OpenNewAccountTestCases - New Account Successfully Opened and New Account Id has been saved in Excel
2026-07-18 23:31:06 INFO  TransferFundsTestCases - 1st Transaction Succesfully Completed!
2026-07-18 23:31:11 INFO  TransferFundsTestCases - 1st Transaction Balance Updated
2026-07-18 23:31:15 INFO  TransferFundsTestCases - 2nd Transaction Succcesfully Completed!
2026-07-18 23:31:18 INFO  TransferFundsTestCases - 2nd Transaction Balance Updated
2026-07-18 23:31:27 INFO  LogInTestCases -  Dashboard loads with correct customer name. 
2026-07-18 23:31:29 INFO  RequestLoanTestCases - Loan Request Successfully Approved!
2026-07-18 23:31:38 INFO  LogInTestCases -  Dashboard loads with correct customer name. 
2026-07-18 23:31:41 INFO  UpdateProfileInfoTestCases - Customer Address has been successfully updated
2026-07-18 23:41:14 INFO  UserRegistrationTestCases - User registration completed successfully. User navigated to the Account Services page.
2026-07-18 23:41:25 INFO  LogInTestCases -  Dashboard loads with correct customer name. 
2026-07-18 23:41:35 INFO  LogInTestCases -  Dashboard loads with correct customer name. 
2026-07-18 23:41:36 INFO  LogOutTestCases - User Successfully Logged out and navigated to Customer Login Page
2026-07-18 23:41:45 INFO  LogInTestCases -  Dashboard loads with correct customer name. 
2026-07-18 23:41:47 INFO  OpenNewAccountTestCases - New Account Successfully Opened and New Account Id has been saved in Excel
2026-07-18 23:41:55 INFO  LogInTestCases -  Dashboard loads with correct customer name. 
2026-07-18 23:41:57 INFO  OpenNewAccountTestCases - New Account Successfully Opened and New Account Id has been saved in Excel
2026-07-18 23:42:00 INFO  TransferFundsTestCases - 1st Transaction Succesfully Completed!
2026-07-18 23:42:03 INFO  TransferFundsTestCases - 1st Transaction Balance Updated
2026-07-18 23:42:05 INFO  TransferFundsTestCases - 2nd Transaction Succcesfully Completed!
2026-07-18 23:42:09 INFO  TransferFundsTestCases - 2nd Transaction Balance Updated
2026-07-18 23:42:19 INFO  LogInTestCases -  Dashboard loads with correct customer name. 
2026-07-18 23:42:22 INFO  RequestLoanTestCases - Loan Request Successfully Approved!
2026-07-18 23:42:31 INFO  LogInTestCases -  Dashboard loads with correct customer name. 
2026-07-18 23:42:34 INFO  UpdateProfileInfoTestCases - Customer Address has been successfully updated
2026-07-19 22:07:09 INFO  LogInTestCases -  Dashboard loads with correct customer name. 
2026-07-19 22:07:13 INFO  OpenNewAccountTestCases - New Account Successfully Opened and New Account Id has been saved in Excel
2026-07-19 22:10:52 INFO  LogInTestCases -  Dashboard Not loaded and incorrect customer name. 
2026-07-19 22:12:37 INFO  LogInTestCases -  Dashboard loads with correct customer name. 
2026-07-19 22:18:37 INFO  LogInTestCases -  Dashboard loads with correct customer name. 
2026-07-19 22:18:43 INFO  OpenNewAccountTestCases - New Account Successfully Opened and New Account Id has been saved in Excel
2026-07-19 22:19:34 INFO  LogInTestCases -  Dashboard loads with correct customer name. 
2026-07-19 22:19:38 INFO  OpenNewAccountTestCases - New Account Successfully Opened and New Account Id has been saved in Excel
2026-07-19 22:19:43 INFO  TransferFundsTestCases - Transaction Succesfully Completed!
2026-07-19 22:19:47 INFO  TransferFundsTestCases - Transaction Balance Updated
2026-07-19 22:23:55 INFO  LogInTestCases -  Dashboard loads with correct customer name. 
2026-07-19 22:23:59 INFO  OpenNewAccountTestCases - New Account Successfully Opened and New Account Id has been saved in Excel
2026-07-19 22:24:05 INFO  TransferFundsTestCases - Transaction Succesfully Completed!
2026-07-19 22:24:09 INFO  TransferFundsTestCases - Transaction Balance Updated
2026-07-19 22:27:03 INFO  UserRegistrationTestCases - User registration completed successfully. User navigated to the Account Services page.
2026-07-19 22:41:44 INFO  UserRegistrationTestCases - User registration completed successfully. User navigated to the Account Services page.
2026-07-19 22:41:47 INFO  LogInTestCases -  Dashboard loads with correct customer name. 
2026-07-19 22:41:51 INFO  OpenNewAccountTestCases - New Account Successfully Opened and New Account Id has been saved in Excel
2026-07-19 22:41:56 INFO  TransferFundsTestCases - Transaction Succesfully Completed!
2026-07-19 22:42:00 INFO  TransferFundsTestCases - Transaction Balance Updated
2026-07-19 23:58:49 INFO  UserRegistrationTestCases - User registration completed successfully. User navigated to the Account Services page.
2026-07-20 00:08:54 INFO  UserRegistrationTestCases - User registration completed successfully. User navigated to the Account Services page.
2026-07-20 00:11:52 INFO  UserRegistrationTestCases - User registration completed successfully. User navigated to the Account Services page.
2026-07-20 00:15:42 INFO  UserRegistrationTestCases - User registration completed successfully. User navigated to the Account Services page.
2026-07-20 00:15:54 INFO  BaseClass - User registration completed successfully. User navigated to the Account Services page.
2026-07-20 00:25:33 INFO  UserRegistrationTestCases - User registration completed successfully. User navigated to the Account Services page.
2026-07-20 00:25:45 INFO  BaseClass - User registration completed successfully. User navigated to the Account Services page.
2026-07-20 00:25:47 INFO  RetestingTestCases - The unique account numbers got generated for each users after multiple users registration.
2026-07-20 00:28:43 INFO  UserRegistrationTestCases - User registration completed successfully. User navigated to the Account Services page.
2026-07-20 00:28:56 INFO  BaseClass - User registration completed successfully. User navigated to the Account Services page.
2026-07-20 00:28:58 INFO  RetestingTestCases - The unique account numbers got generated for each users after multiple users registration.
2026-07-20 01:24:05 INFO  UserRegistrationTestCases - User registration completed successfully. User navigated to the Account Services page.
2026-07-20 01:24:13 INFO  LogInTestCases -  Dashboard loads with correct customer name. 
2026-07-20 01:24:17 INFO  RequestLoanTestCases - Loan Request Successfully Approved!
2026-07-20 01:33:03 INFO  UserRegistrationTestCases - User registration completed successfully. User navigated to the Account Services page.
2026-07-20 01:33:09 INFO  LogInTestCases -  Dashboard loads with correct customer name. 
2026-07-20 01:33:13 INFO  RequestLoanTestCases - Loan Request Successfully Approved!
2026-07-20 01:33:16 INFO  RetestingTestCases - The loan details is visible in account summary after loan request got approved.
2026-07-20 01:53:37 INFO  UserRegistrationTestCases - User registration completed successfully. User navigated to the Account Services page.
2026-07-20 01:53:44 INFO  LogInTestCases -  Dashboard loads with correct customer name. 
2026-07-20 01:53:52 INFO  LogInTestCases -  Dashboard loads with correct customer name. 
2026-07-20 01:53:53 INFO  UpdateProfileInfoTestCases - Customer Address has been successfully updated after relogin
2026-07-20 01:53:53 INFO  UpdateProfileInfoTestCases - Initial AddressNo 20 Lal Batcha Thaikkal Street
2026-07-20 01:53:53 INFO  UpdateProfileInfoTestCases - Newly updated AddressJJ Nagar, LIC Colony
2026-07-20 02:03:11 INFO  UserRegistrationTestCases - User registration completed successfully. User navigated to the Account Services page.
2026-07-20 02:03:16 INFO  LogInTestCases -  Dashboard loads with correct customer name. 
2026-07-20 02:03:19 INFO  OpenNewAccountTestCases - New Account Successfully Opened and New Account Id has been saved in Excel
2026-07-20 02:06:14 INFO  UserRegistrationTestCases - User registration completed successfully. User navigated to the Account Services page.
2026-07-20 02:06:20 INFO  LogInTestCases -  Dashboard loads with correct customer name. 
2026-07-20 02:06:23 INFO  OpenNewAccountTestCases - New Account Successfully Opened and New Account Id has been saved in Excel
2026-07-20 02:06:26 INFO  TransferFundsTestCases - Transaction Succesfully Completed!
2026-07-20 02:06:30 INFO  TransferFundsTestCases - Transaction Balance Updated
2026-07-20 02:06:43 INFO  BaseClass - User registration completed successfully. User navigated to the Account Services page.
2026-07-20 02:06:45 INFO  RetestingTestCases - The unique account numbers got generated for each users after multiple users registration.
2026-07-20 02:06:53 INFO  LogInTestCases -  Dashboard loads with correct customer name. 
2026-07-20 02:06:56 INFO  RequestLoanTestCases - Loan Request Successfully Approved!
2026-07-20 02:06:57 INFO  RetestingTestCases - The loan details are not visible in account summary after loan request got approved.
2026-07-20 02:07:07 INFO  LogInTestCases -  Dashboard loads with correct customer name. 
2026-07-20 02:07:47 INFO  LogInTestCases -  Dashboard loads with correct customer name. 
2026-07-20 02:11:09 INFO  UserRegistrationTestCases - User registration completed successfully. User navigated to the Account Services page.
2026-07-20 02:11:15 INFO  LogInTestCases -  Dashboard loads with correct customer name. 
2026-07-20 02:11:18 INFO  OpenNewAccountTestCases - New Account Successfully Opened and New Account Id has been saved in Excel
2026-07-20 02:11:23 INFO  TransferFundsTestCases - Transaction Succesfully Completed!
2026-07-20 02:11:26 INFO  TransferFundsTestCases - Transaction Balance Updated
2026-07-20 02:11:39 INFO  BaseClass - User registration completed successfully. User navigated to the Account Services page.
2026-07-20 02:11:40 INFO  RetestingTestCases - The unique account numbers got generated for each users after multiple users registration.
2026-07-20 02:11:48 INFO  LogInTestCases -  Dashboard loads with correct customer name. 
2026-07-20 02:11:51 INFO  RequestLoanTestCases - Loan Request Successfully Approved!
2026-07-20 02:11:53 INFO  RetestingTestCases - The loan details are not visible in account summary after loan request got approved.
2026-07-20 02:12:00 INFO  LogInTestCases -  Dashboard loads with correct customer name. 
2026-07-20 02:12:05 INFO  LogInTestCases -  Dashboard loads with correct customer name. 
2026-07-20 02:12:06 INFO  UpdateProfileInfoTestCases - Customer Address has been successfully updated after relogin
2026-07-20 02:12:06 INFO  UpdateProfileInfoTestCases - Initial Address: No 20 Lal Batcha Thaikkal Street
2026-07-20 02:12:06 INFO  UpdateProfileInfoTestCases - Newly updated Address: JJ Nagar, LIC Colony
2026-07-20 02:27:06 INFO  UserRegistrationTestCases - User registration completed successfully. User navigated to the Account Services page.
2026-07-20 02:27:12 INFO  LogInTestCases -  Dashboard loads with correct customer name. 
2026-07-20 02:27:15 INFO  OpenNewAccountTestCases - New Account Successfully Opened and New Account Id has been saved in Excel
2026-07-20 02:27:21 INFO  TransferFundsTestCases - Transaction Succesfully Completed!
2026-07-20 02:27:24 INFO  TransferFundsTestCases - Transaction Balance Updated
2026-07-20 02:27:36 INFO  BaseClass - User registration completed successfully. User navigated to the Account Services page.
2026-07-20 02:27:38 INFO  RetestingTestCases - The unique account numbers got generated for each users after multiple users registration.
2026-07-20 02:27:46 INFO  LogInTestCases -  Dashboard loads with correct customer name. 
2026-07-20 02:27:48 INFO  RequestLoanTestCases - Loan Request Successfully Approved!
2026-07-20 02:27:50 INFO  RetestingTestCases - The loan details are not visible in account summary after loan request got approved.
2026-07-20 02:27:57 INFO  LogInTestCases -  Dashboard loads with correct customer name. 
2026-07-20 02:28:01 INFO  LogInTestCases -  Dashboard loads with correct customer name. 
2026-07-20 02:28:02 INFO  UpdateProfileInfoTestCases - Customer Address has been successfully updated after relogin
2026-07-20 02:28:02 INFO  UpdateProfileInfoTestCases - Initial Address: No 20 Lal Batcha Thaikkal Street
2026-07-20 02:28:02 INFO  UpdateProfileInfoTestCases - Newly updated Address: JJ Nagar, LIC Colony
2026-07-20 02:35:11 INFO  UserRegistrationTestCases - User registration completed successfully. User navigated to the Account Services page.
2026-07-20 02:35:19 INFO  LogInTestCases -  Dashboard loads with correct customer name. 
2026-07-20 02:35:22 INFO  OpenNewAccountTestCases - New Account Successfully Opened and New Account Id has been saved in Excel
2026-07-20 02:35:25 INFO  TransferFundsTestCases - Transaction Succesfully Completed!
2026-07-20 02:35:30 INFO  TransferFundsTestCases - Transaction Balance Updated
2026-07-20 02:35:43 INFO  BaseClass - User registration completed successfully. User navigated to the Account Services page.
2026-07-20 02:35:44 INFO  RetestingTestCases - The unique account numbers got generated for each users after multiple users registration.
2026-07-20 02:35:53 INFO  LogInTestCases -  Dashboard loads with correct customer name. 
2026-07-20 02:35:55 INFO  RequestLoanTestCases - Loan Request Successfully Approved!
2026-07-20 02:35:57 INFO  RetestingTestCases - The loan details are visible in account summary after loan request got approved.
2026-07-20 02:36:06 INFO  LogInTestCases -  Dashboard loads with correct customer name. 
2026-07-20 02:36:10 INFO  LogInTestCases -  Dashboard loads with correct customer name. 
2026-07-20 02:36:12 INFO  UpdateProfileInfoTestCases - Customer Address has been successfully updated after relogin
2026-07-20 02:36:12 INFO  UpdateProfileInfoTestCases - Initial Address: No 20 Lal Batcha Thaikkal Street
2026-07-20 02:36:12 INFO  UpdateProfileInfoTestCases - Newly updated Address: JJ Nagar, LIC Colony
